<?xml version="1.0" encoding="UTF-8"?>
<!-- Generated by org.testng.reporters.JUnitReportReporter -->
<testsuite hostname="LAPTOP-67PRP64J" failures="0" tests="1" name="automationExmple.Example1" time="0.015" errors="0" timestamp="2022-11-23T13:28:25 IST" skipped="0">
  <testcase classname="automationExmple.Example1" name="weblaucher" time="0.015"/>
  <system-out/>
</testsuite> <!-- automationExmple.Example1 -->
